<?xml version="1.0" encoding="UTF-8"?>
<!-- Generated by org.testng.reporters.JUnitXMLReporter -->
<testsuite ignored="2" hostname="LAPTOP-63PJ4J75" failures="1" tests="2" name="Test" time="44.605" errors="0" timestamp="2024-01-21T19:53:21 IST">
  <testcase classname="com.Test.AddCartTest" name="AddToCart" time="1.449">
    <failure type="java.lang.AssertionError" message="expected [true] but found [false]">
      <![CDATA[java.lang.AssertionError: expected [true] but found [false]
at com.Test.AddCartTest.AddToCart(AddCartTest.java:19)
at java.base/java.util.ArrayList.forEach(ArrayList.java:1511)
... Removed 31 stack frames]]>
    </failure>
  </testcase> <!-- AddToCart -->
  <testcase classname="com.Test.AddToWishlistTest" name="wishlist" time="32.514"/>
  <testcase classname="com.utility.BaseClass" name="@BeforeTest setup" time="0.0">
    <ignored/>
  </testcase> <!-- @BeforeTest setup -->
  <testcase classname="com.utility.BaseClass" name="@AfterTest tearDown" time="0.0">
    <ignored/>
  </testcase> <!-- @AfterTest tearDown -->
</testsuite> <!-- Test -->
